c:\users\alexa\onedrive\documents\uci\debug\vc142.pdb
c:\users\alexa\onedrive\documents\uci\debug\windowprocess.obj
c:\users\alexa\onedrive\documents\uci\debug\util.obj
c:\users\alexa\onedrive\documents\uci\debug\pixel.obj
c:\users\alexa\onedrive\documents\uci\debug\image.obj
c:\users\alexa\onedrive\documents\uci\debug\bitmap.obj
c:\users\alexa\onedrive\documents\uci\debug\bitmapcollection.obj
c:\users\alexa\onedrive\documents\uci\debug\uci_handlers.obj
c:\users\alexa\onedrive\documents\uci\debug\uci.obj
c:\users\alexa\onedrive\documents\uci\debug\main.obj
c:\users\alexa\onedrive\documents\uci\debug\logger.obj
c:\users\alexa\onedrive\documents\uci\debug\imagereader.obj
c:\users\alexa\onedrive\documents\uci\debug\piece.obj
c:\users\alexa\onedrive\documents\uci\debug\board.obj
c:\users\alexa\onedrive\documents\uci\debug\uci.ilk
c:\users\alexa\onedrive\documents\uci\debug\uci.exe
c:\users\alexa\onedrive\documents\uci\debug\uci.pdb
c:\users\alexa\onedrive\documents\uci\debug\uci.tlog\cl.command.1.tlog
c:\users\alexa\onedrive\documents\uci\debug\uci.tlog\cl.read.1.tlog
c:\users\alexa\onedrive\documents\uci\debug\uci.tlog\cl.write.1.tlog
c:\users\alexa\onedrive\documents\uci\debug\uci.tlog\link.command.1.tlog
c:\users\alexa\onedrive\documents\uci\debug\uci.tlog\link.read.1.tlog
c:\users\alexa\onedrive\documents\uci\debug\uci.tlog\link.write.1.tlog
